<?xml version="1.0" encoding="UTF-8"?>
<!-- Generated by org.testng.reporters.JUnitXMLReporter -->
<testsuite hostname="LAPTOP-T3UANJN2" ignored="1" name="Smoke Test" tests="1" failures="0" timestamp="2022-12-13T19:44:49 GMT" time="7.789" errors="0">
  <testcase name="verifyTheErrorMessage" time="2.116" classname="com.ultimateqa.courses.testsuite.LoginPageTest"/>
  <testcase name="userShouldNavigateToLoginPageSuccessfully" time="0.0" classname="com.ultimateqa.courses.testsuite.LoginPageTest">
    <ignored/>
  </testcase> <!-- userShouldNavigateToLoginPageSuccessfully -->
</testsuite> <!-- Smoke Test -->
