<?xml version="1.0" encoding="UTF-8"?>
<!-- Generated by org.testng.reporters.JUnitXMLReporter -->
<testsuite hostname="LAPTOP-T3UANJN2" ignored="0" name="Regression Test" tests="2" failures="0" timestamp="2022-12-13T19:45:12 GMT" time="11.647" errors="0">
  <testcase name="userShouldNavigateToLoginPageSuccessfully" time="0.974" classname="com.ultimateqa.courses.testsuite.LoginPageTest"/>
  <testcase name="verifyTheErrorMessage" time="2.049" classname="com.ultimateqa.courses.testsuite.LoginPageTest"/>
</testsuite> <!-- Regression Test -->
