<?xml version="1.0" encoding="UTF-8"?>
<testsuite name="Regression Test"
           tests="2"
           failures="0"
           errors="0"
           skipped="0"
           time="3.023">
  <properties />
  
  
            <testcase name="userShouldNavigateToLoginPageSuccessfully" time="0.974" classname="com.ultimateqa.courses.testsuite.LoginPageTest" />
                <testcase name="verifyTheErrorMessage" time="2.049" classname="com.ultimateqa.courses.testsuite.LoginPageTest" />
      
</testsuite>
